<?xml version="1.0" encoding="UTF-8"?>
<!-- Generated by org.testng.reporters.JUnitReportReporter -->
<testsuite hostname="DESKTOP-01MBQSG" failures="0" tests="2" name="com.demo.test_cases.TestCase_01" time="1.593" errors="0" timestamp="2024-10-09T07:09:34 EEST" skipped="0">
  <testcase classname="com.demo.test_cases.TestCase_01" name="web_login" time="0.952"/>
  <testcase classname="com.demo.test_cases.TestCase_01" name="post_login" time="0.641"/>
</testsuite> <!-- com.demo.test_cases.TestCase_01 -->
