<?xml version="1.0" encoding="UTF-8"?>
<!-- Generated by org.testng.reporters.JUnitReportReporter -->
<testsuite skipped="1" hostname="DESKTOP-01MBQSG" name="com.demo.tests.TestCase_01" tests="2" failures="0" timestamp="2024-09-09T19:43:16 EEST" time="0.755" errors="0">
  <testcase name="post_login" time="0.755" classname="com.demo.tests.TestCase_01"/>
  <system-out/>
  <testcase name="web_login" classname="com.demo.tests.TestCase_01">
    <skipped/>
  </testcase> <!-- web_login -->
  <system-out/>
</testsuite> <!-- com.demo.tests.TestCase_01 -->
